0 silly input []
1 silly flags {
1 silly flags   _: [ 'bootstrap' ],
1 silly flags   'reject-cycles': false,
1 silly flags   rejectCycles: false,
1 silly flags   args: []
1 silly flags }
2 verbose rootPath C:\Users\nguye\Documents\Webmaster\fpttelecom
3 info version 2.11.0
4 silly existsSync C:\Users\nguye\Documents\Webmaster\fpttelecom\VERSION
5 silly initialize attempt
6 silly npmConfig {
6 silly npmConfig   registry: undefined,
6 silly npmConfig   npmClient: 'yarn',
6 silly npmConfig   npmClientArgs: undefined,
6 silly npmConfig   mutex: 'network:42424'
6 silly npmConfig }
7 silly initialize success
8 silly execute attempt
9 info Bootstrapping 9 packages
10 info lifecycle preinstall
11 silly runScript preinstall admin-module
12 silly admin-module
13 silly runScript preinstall category-module
14 silly category-module
15 silly runScript preinstall category-module
16 silly category-module
17 silly runScript preinstall group-module
18 silly group-module
19 silly runScript preinstall media-module
20 silly media-module
21 silly runScript preinstall menu-module
22 silly menu-module
23 silly runScript preinstall page-module
24 silly page-module
25 silly runScript preinstall translation-module
26 silly translation-module
27 silly runScript preinstall user-module
28 silly user-module
29 silly hasDependencyInstalled admin-module bootstrap
30 silly dependencyIsSatisfied [
30 silly dependencyIsSatisfied   'bootstrap',
30 silly dependencyIsSatisfied   '^3.3.7',
30 silly dependencyIsSatisfied   'C:\\Users\\nguye\\Documents\\Webmaster\\fpttelecom\\Modules\\Admin\\node_modules'
30 silly dependencyIsSatisfied ]
31 verbose dependencyIsSatisfied bootstrap false
32 silly hasDependencyInstalled admin-module chart.js
33 silly dependencyIsSatisfied [
33 silly dependencyIsSatisfied   'chart.js',
33 silly dependencyIsSatisfied   '^2.7.3',
33 silly dependencyIsSatisfied   'C:\\Users\\nguye\\Documents\\Webmaster\\fpttelecom\\Modules\\Admin\\node_modules'
33 silly dependencyIsSatisfied ]
34 verbose dependencyIsSatisfied chart.js false
35 silly hasDependencyInstalled admin-module datatables.net
36 silly dependencyIsSatisfied [
36 silly dependencyIsSatisfied   'datatables.net',
36 silly dependencyIsSatisfied   '^1.10.15',
36 silly dependencyIsSatisfied   'C:\\Users\\nguye\\Documents\\Webmaster\\fpttelecom\\Modules\\Admin\\node_modules'
36 silly dependencyIsSatisfied ]
37 verbose dependencyIsSatisfied datatables.net false
38 silly hasDependencyInstalled admin-module datatables.net-bs
39 silly dependencyIsSatisfied [
39 silly dependencyIsSatisfied   'datatables.net-bs',
39 silly dependencyIsSatisfied   '^1.10.15',
39 silly dependencyIsSatisfied   'C:\\Users\\nguye\\Documents\\Webmaster\\fpttelecom\\Modules\\Admin\\node_modules'
39 silly dependencyIsSatisfied ]
40 verbose dependencyIsSatisfied datatables.net-bs false
41 silly hasDependencyInstalled media-module dropzone
42 silly dependencyIsSatisfied [
42 silly dependencyIsSatisfied   'dropzone',
42 silly dependencyIsSatisfied   '^5.4.0',
42 silly dependencyIsSatisfied   'C:\\Users\\nguye\\Documents\\Webmaster\\fpttelecom\\Modules\\Media\\node_modules'
42 silly dependencyIsSatisfied ]
43 verbose dependencyIsSatisfied dropzone false
44 silly hasDependencyInstalled admin-module flatpickr
45 silly dependencyIsSatisfied [
45 silly dependencyIsSatisfied   'flatpickr',
45 silly dependencyIsSatisfied   '^3.0.6',
45 silly dependencyIsSatisfied   'C:\\Users\\nguye\\Documents\\Webmaster\\fpttelecom\\Modules\\Admin\\node_modules'
45 silly dependencyIsSatisfied ]
46 verbose dependencyIsSatisfied flatpickr false
47 silly hasDependencyInstalled page-module grapesjs
48 silly dependencyIsSatisfied [
48 silly dependencyIsSatisfied   'grapesjs',
48 silly dependencyIsSatisfied   '^0.17.4',
48 silly dependencyIsSatisfied   'C:\\Users\\nguye\\Documents\\Webmaster\\fpttelecom\\Modules\\Page\\node_modules'
48 silly dependencyIsSatisfied ]
49 verbose dependencyIsSatisfied grapesjs false
50 silly hasDependencyInstalled admin-module jquery
51 silly dependencyIsSatisfied [
51 silly dependencyIsSatisfied   'jquery',
51 silly dependencyIsSatisfied   '^3.2.1',
51 silly dependencyIsSatisfied   'C:\\Users\\nguye\\Documents\\Webmaster\\fpttelecom\\Modules\\Admin\\node_modules'
51 silly dependencyIsSatisfied ]
52 verbose dependencyIsSatisfied jquery false
53 silly hasDependencyInstalled admin-module jquery-slimscroll
54 silly dependencyIsSatisfied [
54 silly dependencyIsSatisfied   'jquery-slimscroll',
54 silly dependencyIsSatisfied   '^1.3.8',
54 silly dependencyIsSatisfied   'C:\\Users\\nguye\\Documents\\Webmaster\\fpttelecom\\Modules\\Admin\\node_modules'
54 silly dependencyIsSatisfied ]
55 verbose dependencyIsSatisfied jquery-slimscroll false
56 silly hasDependencyInstalled admin-module mousetrap
57 silly dependencyIsSatisfied [
57 silly dependencyIsSatisfied   'mousetrap',
57 silly dependencyIsSatisfied   '^1.6.1',
57 silly dependencyIsSatisfied   'C:\\Users\\nguye\\Documents\\Webmaster\\fpttelecom\\Modules\\Admin\\node_modules'
57 silly dependencyIsSatisfied ]
58 verbose dependencyIsSatisfied mousetrap false
59 silly hasDependencyInstalled menu-module nestable2
60 silly dependencyIsSatisfied [
60 silly dependencyIsSatisfied   'nestable2',
60 silly dependencyIsSatisfied   '^1.6.0',
60 silly dependencyIsSatisfied   'C:\\Users\\nguye\\Documents\\Webmaster\\fpttelecom\\Modules\\Menu\\node_modules'
60 silly dependencyIsSatisfied ]
61 verbose dependencyIsSatisfied nestable2 false
62 silly hasDependencyInstalled admin-module nprogress
63 silly dependencyIsSatisfied [
63 silly dependencyIsSatisfied   'nprogress',
63 silly dependencyIsSatisfied   '^0.2.0',
63 silly dependencyIsSatisfied   'C:\\Users\\nguye\\Documents\\Webmaster\\fpttelecom\\Modules\\Admin\\node_modules'
63 silly dependencyIsSatisfied ]
64 verbose dependencyIsSatisfied nprogress false
65 silly hasDependencyInstalled admin-module selectize
66 silly dependencyIsSatisfied [
66 silly dependencyIsSatisfied   'selectize',
66 silly dependencyIsSatisfied   '^0.12.6',
66 silly dependencyIsSatisfied   'C:\\Users\\nguye\\Documents\\Webmaster\\fpttelecom\\Modules\\Admin\\node_modules'
66 silly dependencyIsSatisfied ]
67 verbose dependencyIsSatisfied selectize false
68 silly hasDependencyInstalled admin-module sortablejs
69 silly dependencyIsSatisfied [
69 silly dependencyIsSatisfied   'sortablejs',
69 silly dependencyIsSatisfied   'https://github.com/RubaXa/Sortable',
69 silly dependencyIsSatisfied   'C:\\Users\\nguye\\Documents\\Webmaster\\fpttelecom\\Modules\\Admin\\node_modules'
69 silly dependencyIsSatisfied ]
70 verbose dependencyIsSatisfied sortablejs false
71 silly hasDependencyInstalled admin-module tinymce
72 silly dependencyIsSatisfied [
72 silly dependencyIsSatisfied   'tinymce',
72 silly dependencyIsSatisfied   '^5.2.2',
72 silly dependencyIsSatisfied   'C:\\Users\\nguye\\Documents\\Webmaster\\fpttelecom\\Modules\\Admin\\node_modules'
72 silly dependencyIsSatisfied ]
73 verbose dependencyIsSatisfied tinymce false
74 silly hasDependencyInstalled page-module webpack
75 silly dependencyIsSatisfied [
75 silly dependencyIsSatisfied   'webpack',
75 silly dependencyIsSatisfied   '^5.38.1',
75 silly dependencyIsSatisfied   'C:\\Users\\nguye\\Documents\\Webmaster\\fpttelecom\\Modules\\Page\\node_modules'
75 silly dependencyIsSatisfied ]
76 verbose dependencyIsSatisfied webpack false
77 silly hasDependencyInstalled admin-module font-awesome
78 silly dependencyIsSatisfied [
78 silly dependencyIsSatisfied   'font-awesome',
78 silly dependencyIsSatisfied   '^4.7.0',
78 silly dependencyIsSatisfied   'C:\\Users\\nguye\\Documents\\Webmaster\\fpttelecom\\Modules\\Admin\\node_modules'
78 silly dependencyIsSatisfied ]
79 verbose dependencyIsSatisfied font-awesome false
80 silly hasDependencyInstalled admin-module lodash
81 silly dependencyIsSatisfied [
81 silly dependencyIsSatisfied   'lodash',
81 silly dependencyIsSatisfied   '^4.17.4',
81 silly dependencyIsSatisfied   'C:\\Users\\nguye\\Documents\\Webmaster\\fpttelecom\\Modules\\Admin\\node_modules'
81 silly dependencyIsSatisfied ]
82 verbose dependencyIsSatisfied lodash false
83 silly hasDependencyInstalled category-module jstree
84 silly dependencyIsSatisfied [
84 silly dependencyIsSatisfied   'jstree',
84 silly dependencyIsSatisfied   '^3.3.9',
84 silly dependencyIsSatisfied   'C:\\Users\\nguye\\Documents\\Webmaster\\fpttelecom\\Modules\\Category\\node_modules'
84 silly dependencyIsSatisfied ]
85 verbose dependencyIsSatisfied jstree false
86 silly hasDependencyInstalled category-module jstree
87 silly dependencyIsSatisfied [
87 silly dependencyIsSatisfied   'jstree',
87 silly dependencyIsSatisfied   '^3.3.9',
87 silly dependencyIsSatisfied   'C:\\Users\\nguye\\Documents\\Webmaster\\fpttelecom\\Modules\\Category\\node_modules'
87 silly dependencyIsSatisfied ]
88 verbose dependencyIsSatisfied jstree false
89 silly hasDependencyInstalled group-module jstree
90 silly dependencyIsSatisfied [
90 silly dependencyIsSatisfied   'jstree',
90 silly dependencyIsSatisfied   '^3.3.9',
90 silly dependencyIsSatisfied   'C:\\Users\\nguye\\Documents\\Webmaster\\fpttelecom\\Modules\\Group\\node_modules'
90 silly dependencyIsSatisfied ]
91 verbose dependencyIsSatisfied jstree false
92 silly hasDependencyInstalled translation-module x-editable
93 silly dependencyIsSatisfied [
93 silly dependencyIsSatisfied   'x-editable',
93 silly dependencyIsSatisfied   '^1.5.1',
93 silly dependencyIsSatisfied   'C:\\Users\\nguye\\Documents\\Webmaster\\fpttelecom\\Modules\\Translation\\node_modules'
93 silly dependencyIsSatisfied ]
94 verbose dependencyIsSatisfied x-editable false
95 silly root dependencies []
96 silly leaf dependencies {
96 silly leaf dependencies   "admin-module": [
96 silly leaf dependencies     {
96 silly leaf dependencies       "dependency": "bootstrap@^3.3.7",
96 silly leaf dependencies       "isSatisfied": false
96 silly leaf dependencies     },
96 silly leaf dependencies     {
96 silly leaf dependencies       "dependency": "chart.js@^2.7.3",
96 silly leaf dependencies       "isSatisfied": false
96 silly leaf dependencies     },
96 silly leaf dependencies     {
96 silly leaf dependencies       "dependency": "datatables.net@^1.10.15",
96 silly leaf dependencies       "isSatisfied": false
96 silly leaf dependencies     },
96 silly leaf dependencies     {
96 silly leaf dependencies       "dependency": "datatables.net-bs@^1.10.15",
96 silly leaf dependencies       "isSatisfied": false
96 silly leaf dependencies     },
96 silly leaf dependencies     {
96 silly leaf dependencies       "dependency": "flatpickr@^3.0.6",
96 silly leaf dependencies       "isSatisfied": false
96 silly leaf dependencies     },
96 silly leaf dependencies     {
96 silly leaf dependencies       "dependency": "jquery@^3.2.1",
96 silly leaf dependencies       "isSatisfied": false
96 silly leaf dependencies     },
96 silly leaf dependencies     {
96 silly leaf dependencies       "dependency": "jquery-slimscroll@^1.3.8",
96 silly leaf dependencies       "isSatisfied": false
96 silly leaf dependencies     },
96 silly leaf dependencies     {
96 silly leaf dependencies       "dependency": "mousetrap@^1.6.1",
96 silly leaf dependencies       "isSatisfied": false
96 silly leaf dependencies     },
96 silly leaf dependencies     {
96 silly leaf dependencies       "dependency": "nprogress@^0.2.0",
96 silly leaf dependencies       "isSatisfied": false
96 silly leaf dependencies     },
96 silly leaf dependencies     {
96 silly leaf dependencies       "dependency": "selectize@^0.12.6",
96 silly leaf dependencies       "isSatisfied": false
96 silly leaf dependencies     },
96 silly leaf dependencies     {
96 silly leaf dependencies       "dependency": "sortablejs@https://github.com/RubaXa/Sortable",
96 silly leaf dependencies       "isSatisfied": false
96 silly leaf dependencies     },
96 silly leaf dependencies     {
96 silly leaf dependencies       "dependency": "tinymce@^5.2.2",
96 silly leaf dependencies       "isSatisfied": false
96 silly leaf dependencies     },
96 silly leaf dependencies     {
96 silly leaf dependencies       "dependency": "font-awesome@^4.7.0",
96 silly leaf dependencies       "isSatisfied": false
96 silly leaf dependencies     },
96 silly leaf dependencies     {
96 silly leaf dependencies       "dependency": "lodash@^4.17.4",
96 silly leaf dependencies       "isSatisfied": false
96 silly leaf dependencies     }
96 silly leaf dependencies   ],
96 silly leaf dependencies   "media-module": [
96 silly leaf dependencies     {
96 silly leaf dependencies       "dependency": "dropzone@^5.4.0",
96 silly leaf dependencies       "isSatisfied": false
96 silly leaf dependencies     }
96 silly leaf dependencies   ],
96 silly leaf dependencies   "page-module": [
96 silly leaf dependencies     {
96 silly leaf dependencies       "dependency": "grapesjs@^0.17.4",
96 silly leaf dependencies       "isSatisfied": false
96 silly leaf dependencies     },
96 silly leaf dependencies     {
96 silly leaf dependencies       "dependency": "webpack@^5.38.1",
96 silly leaf dependencies       "isSatisfied": false
96 silly leaf dependencies     }
96 silly leaf dependencies   ],
96 silly leaf dependencies   "menu-module": [
96 silly leaf dependencies     {
96 silly leaf dependencies       "dependency": "nestable2@^1.6.0",
96 silly leaf dependencies       "isSatisfied": false
96 silly leaf dependencies     }
96 silly leaf dependencies   ],
96 silly leaf dependencies   "category-module": [
96 silly leaf dependencies     {
96 silly leaf dependencies       "dependency": "jstree@^3.3.9",
96 silly leaf dependencies       "isSatisfied": false
96 silly leaf dependencies     },
96 silly leaf dependencies     {
96 silly leaf dependencies       "dependency": "jstree@^3.3.9",
96 silly leaf dependencies       "isSatisfied": false
96 silly leaf dependencies     }
96 silly leaf dependencies   ],
96 silly leaf dependencies   "group-module": [
96 silly leaf dependencies     {
96 silly leaf dependencies       "dependency": "jstree@^3.3.9",
96 silly leaf dependencies       "isSatisfied": false
96 silly leaf dependencies     }
96 silly leaf dependencies   ],
96 silly leaf dependencies   "translation-module": [
96 silly leaf dependencies     {
96 silly leaf dependencies       "dependency": "x-editable@^1.5.1",
96 silly leaf dependencies       "isSatisfied": false
96 silly leaf dependencies     }
96 silly leaf dependencies   ]
96 silly leaf dependencies }
97 info Installing external dependencies
98 verbose actions 7 actions, concurrency 4
99 silly installInDir Admin [
99 silly installInDir   'bootstrap@^3.3.7',
99 silly installInDir   'chart.js@^2.7.3',
99 silly installInDir   'datatables.net@^1.10.15',
99 silly installInDir   'datatables.net-bs@^1.10.15',
99 silly installInDir   'flatpickr@^3.0.6',
99 silly installInDir   'jquery@^3.2.1',
99 silly installInDir   'jquery-slimscroll@^1.3.8',
99 silly installInDir   'mousetrap@^1.6.1',
99 silly installInDir   'nprogress@^0.2.0',
99 silly installInDir   'selectize@^0.12.6',
99 silly installInDir   'sortablejs@https://github.com/RubaXa/Sortable',
99 silly installInDir   'tinymce@^5.2.2',
99 silly installInDir   'font-awesome@^4.7.0',
99 silly installInDir   'lodash@^4.17.4'
99 silly installInDir ]
100 silly installInDir backup C:\Users\nguye\Documents\Webmaster\fpttelecom\Modules\Admin\package.json
101 silly rename [
101 silly rename   'C:\\Users\\nguye\\Documents\\Webmaster\\fpttelecom\\Modules\\Admin\\package.json',
101 silly rename   'C:\\Users\\nguye\\Documents\\Webmaster\\fpttelecom\\Modules\\Admin\\package.json.lerna_backup'
101 silly rename ]
102 silly installInDir Media [ 'dropzone@^5.4.0' ]
103 silly installInDir backup C:\Users\nguye\Documents\Webmaster\fpttelecom\Modules\Media\package.json
104 silly rename [
104 silly rename   'C:\\Users\\nguye\\Documents\\Webmaster\\fpttelecom\\Modules\\Media\\package.json',
104 silly rename   'C:\\Users\\nguye\\Documents\\Webmaster\\fpttelecom\\Modules\\Media\\package.json.lerna_backup'
104 silly rename ]
105 silly installInDir Page [ 'grapesjs@^0.17.4', 'webpack@^5.38.1' ]
106 silly installInDir backup C:\Users\nguye\Documents\Webmaster\fpttelecom\Modules\Page\package.json
107 silly rename [
107 silly rename   'C:\\Users\\nguye\\Documents\\Webmaster\\fpttelecom\\Modules\\Page\\package.json',
107 silly rename   'C:\\Users\\nguye\\Documents\\Webmaster\\fpttelecom\\Modules\\Page\\package.json.lerna_backup'
107 silly rename ]
108 silly installInDir Menu [ 'nestable2@^1.6.0' ]
109 silly installInDir backup C:\Users\nguye\Documents\Webmaster\fpttelecom\Modules\Menu\package.json
110 silly rename [
110 silly rename   'C:\\Users\\nguye\\Documents\\Webmaster\\fpttelecom\\Modules\\Menu\\package.json',
110 silly rename   'C:\\Users\\nguye\\Documents\\Webmaster\\fpttelecom\\Modules\\Menu\\package.json.lerna_backup'
110 silly rename ]
111 silly installInDir writing tempJson { dependencies: { dropzone: '^5.4.0' } }
112 silly installInDir writing tempJson {
112 silly installInDir   dependencies: {
112 silly installInDir     bootstrap: '^3.3.7',
112 silly installInDir     'chart.js': '^2.7.3',
112 silly installInDir     'datatables.net': '^1.10.15',
112 silly installInDir     'datatables.net-bs': '^1.10.15',
112 silly installInDir     flatpickr: '^3.0.6',
112 silly installInDir     jquery: '^3.2.1',
112 silly installInDir     'jquery-slimscroll': '^1.3.8',
112 silly installInDir     mousetrap: '^1.6.1',
112 silly installInDir     nprogress: '^0.2.0',
112 silly installInDir     selectize: '^0.12.6',
112 silly installInDir     sortablejs: 'https://github.com/RubaXa/Sortable',
112 silly installInDir     tinymce: '^5.2.2',
112 silly installInDir     'font-awesome': '^4.7.0',
112 silly installInDir     lodash: '^4.17.4'
112 silly installInDir   }
112 silly installInDir }
113 silly installInDir writing tempJson { dependencies: { nestable2: '^1.6.0' } }
114 silly installInDir writing tempJson { dependencies: { grapesjs: '^0.17.4', webpack: '^5.38.1' } }
115 silly getExecOpts {
115 silly getExecOpts   cwd: 'C:\\Users\\nguye\\Documents\\Webmaster\\fpttelecom\\Modules\\Menu'
115 silly getExecOpts }
116 silly installInDir [
116 silly installInDir   'yarn',
116 silly installInDir   [ 'install', '--mutex', 'network:42424', '--non-interactive' ]
116 silly installInDir ]
117 silly getExecOpts {
117 silly getExecOpts   cwd: 'C:\\Users\\nguye\\Documents\\Webmaster\\fpttelecom\\Modules\\Page'
117 silly getExecOpts }
118 silly installInDir [
118 silly installInDir   'yarn',
118 silly installInDir   [ 'install', '--mutex', 'network:42424', '--non-interactive' ]
118 silly installInDir ]
119 silly getExecOpts {
119 silly getExecOpts   cwd: 'C:\\Users\\nguye\\Documents\\Webmaster\\fpttelecom\\Modules\\Admin'
119 silly getExecOpts }
120 silly installInDir [
120 silly installInDir   'yarn',
120 silly installInDir   [ 'install', '--mutex', 'network:42424', '--non-interactive' ]
120 silly installInDir ]
121 silly getExecOpts {
121 silly getExecOpts   cwd: 'C:\\Users\\nguye\\Documents\\Webmaster\\fpttelecom\\Modules\\Media'
121 silly getExecOpts }
122 silly installInDir [
122 silly installInDir   'yarn',
122 silly installInDir   [ 'install', '--mutex', 'network:42424', '--non-interactive' ]
122 silly installInDir ]
123 silly installInDir cleanup C:\Users\nguye\Documents\Webmaster\fpttelecom\Modules\Menu\package.json
124 silly renameSync [
124 silly renameSync   'C:\\Users\\nguye\\Documents\\Webmaster\\fpttelecom\\Modules\\Menu\\package.json.lerna_backup',
124 silly renameSync   'C:\\Users\\nguye\\Documents\\Webmaster\\fpttelecom\\Modules\\Menu\\package.json'
124 silly renameSync ]
125 verbose installed leaf menu-module
126 error execute callback with error
127 error Error: spawn yarn ENOENT
127 error     at notFoundError (C:\Users\nguye\Documents\Webmaster\fpttelecom\node_modules\lerna\node_modules\cross-spawn\lib\enoent.js:11:11)
127 error     at verifyENOENT (C:\Users\nguye\Documents\Webmaster\fpttelecom\node_modules\lerna\node_modules\cross-spawn\lib\enoent.js:46:16)
127 error     at ChildProcess.cp.emit (C:\Users\nguye\Documents\Webmaster\fpttelecom\node_modules\lerna\node_modules\cross-spawn\lib\enoent.js:33:19)
